2020-04-22 15:23:16:2316 error: uncaughtException: req is not defined
ReferenceError: req is not defined
    at Object.<anonymous> (D:\JS\CLI_Tool_Node\src\resources\users\user.router.js:6:16)
    at Module._compile (internal/modules/cjs/loader.js:955:30)
    at Object.Module._extensions..js (internal/modules/cjs/loader.js:991:10)
    at Module.load (internal/modules/cjs/loader.js:811:32)
    at Function.Module._load (internal/modules/cjs/loader.js:723:14)
    at Module.require (internal/modules/cjs/loader.js:848:19)
    at require (internal/modules/cjs/helpers.js:74:18)
    at Object.<anonymous> (D:\JS\CLI_Tool_Node\src\app.js:5:20)
    at Module._compile (internal/modules/cjs/loader.js:955:30)
    at Object.Module._extensions..js (internal/modules/cjs/loader.js:991:10)
    at Module.load (internal/modules/cjs/loader.js:811:32)
    at Function.Module._load (internal/modules/cjs/loader.js:723:14)
    at Module.require (internal/modules/cjs/loader.js:848:19)
    at require (internal/modules/cjs/helpers.js:74:18)
    at Object.<anonymous> (D:\JS\CLI_Tool_Node\src\server.js:2:13)
    at Module._compile (internal/modules/cjs/loader.js:955:30)
2020-04-23 00:46:51:4651 error: uncaughtException: User is not defined
ReferenceError: User is not defined
    at Object.<anonymous> (D:\EPAM\CLI_Tool_Node\src\server.js:14:9)
    at Module._compile (internal/modules/cjs/loader.js:955:30)
    at Object.Module._extensions..js (internal/modules/cjs/loader.js:991:10)
    at Module.load (internal/modules/cjs/loader.js:811:32)
    at Function.Module._load (internal/modules/cjs/loader.js:723:14)
    at Function.Module.runMain (internal/modules/cjs/loader.js:1043:10)
    at internal/main/run_main_module.js:17:11
2020-04-23 00:46:52:4652 error: uncaughtException: User is not defined
ReferenceError: User is not defined
    at Object.<anonymous> (D:\EPAM\CLI_Tool_Node\src\server.js:14:9)
    at Module._compile (internal/modules/cjs/loader.js:955:30)
    at Object.Module._extensions..js (internal/modules/cjs/loader.js:991:10)
    at Module.load (internal/modules/cjs/loader.js:811:32)
    at Function.Module._load (internal/modules/cjs/loader.js:723:14)
    at Function.Module.runMain (internal/modules/cjs/loader.js:1043:10)
    at internal/main/run_main_module.js:17:11
2020-04-23 00:47:01:471 error: uncaughtException: Cannot find module '../resources/users/user.model'
Require stack:
- D:\EPAM\CLI_Tool_Node\src\server.js
Error: Cannot find module '../resources/users/user.model'
Require stack:
- D:\EPAM\CLI_Tool_Node\src\server.js
    at Function.Module._resolveFilename (internal/modules/cjs/loader.js:793:17)
    at Function.Module._load (internal/modules/cjs/loader.js:686:27)
    at Module.require (internal/modules/cjs/loader.js:848:19)
    at require (internal/modules/cjs/helpers.js:74:18)
    at Object.<anonymous> (D:\EPAM\CLI_Tool_Node\src\server.js:5:14)
    at Module._compile (internal/modules/cjs/loader.js:955:30)
    at Object.Module._extensions..js (internal/modules/cjs/loader.js:991:10)
    at Module.load (internal/modules/cjs/loader.js:811:32)
    at Function.Module._load (internal/modules/cjs/loader.js:723:14)
    at Function.Module.runMain (internal/modules/cjs/loader.js:1043:10)
    at internal/main/run_main_module.js:17:11
2020-04-23 00:47:21:4721 error: uncaughtException: Cannot find module '../resources/users/user.model'
Require stack:
- D:\EPAM\CLI_Tool_Node\src\server.js
Error: Cannot find module '../resources/users/user.model'
Require stack:
- D:\EPAM\CLI_Tool_Node\src\server.js
    at Function.Module._resolveFilename (internal/modules/cjs/loader.js:793:17)
    at Function.Module._load (internal/modules/cjs/loader.js:686:27)
    at Module.require (internal/modules/cjs/loader.js:848:19)
    at require (internal/modules/cjs/helpers.js:74:18)
    at Object.<anonymous> (D:\EPAM\CLI_Tool_Node\src\server.js:5:14)
    at Module._compile (internal/modules/cjs/loader.js:955:30)
    at Object.Module._extensions..js (internal/modules/cjs/loader.js:991:10)
    at Module.load (internal/modules/cjs/loader.js:811:32)
    at Function.Module._load (internal/modules/cjs/loader.js:723:14)
    at Function.Module.runMain (internal/modules/cjs/loader.js:1043:10)
    at internal/main/run_main_module.js:17:11
2020-04-23 00:47:52:4752 error: uncaughtException: Cannot find module './'
Require stack:
- D:\EPAM\CLI_Tool_Node\src\server.js
Error: Cannot find module './'
Require stack:
- D:\EPAM\CLI_Tool_Node\src\server.js
    at Function.Module._resolveFilename (internal/modules/cjs/loader.js:793:17)
    at Function.Module._load (internal/modules/cjs/loader.js:686:27)
    at Module.require (internal/modules/cjs/loader.js:848:19)
    at require (internal/modules/cjs/helpers.js:74:18)
    at Object.<anonymous> (D:\EPAM\CLI_Tool_Node\src\server.js:5:14)
    at Module._compile (internal/modules/cjs/loader.js:955:30)
    at Object.Module._extensions..js (internal/modules/cjs/loader.js:991:10)
    at Module.load (internal/modules/cjs/loader.js:811:32)
    at Function.Module._load (internal/modules/cjs/loader.js:723:14)
    at Function.Module.runMain (internal/modules/cjs/loader.js:1043:10)
    at internal/main/run_main_module.js:17:11
2020-04-23 09:27:20:2720 error: uncaughtException: crypt is not defined
ReferenceError: crypt is not defined
    at Object.<anonymous> (D:\JS\CLI_Tool_Node\src\resources\users\user.service.js:13:71)
    at Module._compile (internal/modules/cjs/loader.js:955:30)
    at Object.Module._extensions..js (internal/modules/cjs/loader.js:991:10)
    at Module.load (internal/modules/cjs/loader.js:811:32)
    at Function.Module._load (internal/modules/cjs/loader.js:723:14)
    at Module.require (internal/modules/cjs/loader.js:848:19)
    at require (internal/modules/cjs/helpers.js:74:18)
    at Object.<anonymous> (D:\JS\CLI_Tool_Node\src\resources\users\user.router.js:3:22)
    at Module._compile (internal/modules/cjs/loader.js:955:30)
    at Object.Module._extensions..js (internal/modules/cjs/loader.js:991:10)
    at Module.load (internal/modules/cjs/loader.js:811:32)
    at Function.Module._load (internal/modules/cjs/loader.js:723:14)
    at Module.require (internal/modules/cjs/loader.js:848:19)
    at require (internal/modules/cjs/helpers.js:74:18)
    at Object.<anonymous> (D:\JS\CLI_Tool_Node\src\app.js:6:20)
    at Module._compile (internal/modules/cjs/loader.js:955:30)
2020-04-23 09:28:09:289 error: uncaughtException: crypt is not defined
ReferenceError: crypt is not defined
    at Object.<anonymous> (D:\JS\CLI_Tool_Node\src\resources\users\user.service.js:13:71)
    at Module._compile (internal/modules/cjs/loader.js:955:30)
    at Object.Module._extensions..js (internal/modules/cjs/loader.js:991:10)
    at Module.load (internal/modules/cjs/loader.js:811:32)
    at Function.Module._load (internal/modules/cjs/loader.js:723:14)
    at Module.require (internal/modules/cjs/loader.js:848:19)
    at require (internal/modules/cjs/helpers.js:74:18)
    at Object.<anonymous> (D:\JS\CLI_Tool_Node\src\resources\users\user.router.js:3:22)
    at Module._compile (internal/modules/cjs/loader.js:955:30)
    at Object.Module._extensions..js (internal/modules/cjs/loader.js:991:10)
    at Module.load (internal/modules/cjs/loader.js:811:32)
    at Function.Module._load (internal/modules/cjs/loader.js:723:14)
    at Module.require (internal/modules/cjs/loader.js:848:19)
    at require (internal/modules/cjs/helpers.js:74:18)
    at Object.<anonymous> (D:\JS\CLI_Tool_Node\src\app.js:6:20)
    at Module._compile (internal/modules/cjs/loader.js:955:30)
2020-04-23 09:28:42:2842 error: uncaughtException: crypt is not defined
ReferenceError: crypt is not defined
    at Object.<anonymous> (D:\JS\CLI_Tool_Node\src\resources\users\user.service.js:13:71)
    at Module._compile (internal/modules/cjs/loader.js:955:30)
    at Object.Module._extensions..js (internal/modules/cjs/loader.js:991:10)
    at Module.load (internal/modules/cjs/loader.js:811:32)
    at Function.Module._load (internal/modules/cjs/loader.js:723:14)
    at Module.require (internal/modules/cjs/loader.js:848:19)
    at require (internal/modules/cjs/helpers.js:74:18)
    at Object.<anonymous> (D:\JS\CLI_Tool_Node\src\resources\users\user.router.js:3:22)
    at Module._compile (internal/modules/cjs/loader.js:955:30)
    at Object.Module._extensions..js (internal/modules/cjs/loader.js:991:10)
    at Module.load (internal/modules/cjs/loader.js:811:32)
    at Function.Module._load (internal/modules/cjs/loader.js:723:14)
    at Module.require (internal/modules/cjs/loader.js:848:19)
    at require (internal/modules/cjs/helpers.js:74:18)
    at Object.<anonymous> (D:\JS\CLI_Tool_Node\src\app.js:6:20)
    at Module._compile (internal/modules/cjs/loader.js:955:30)
2020-04-23 09:29:09:299 error: uncaughtException: crypt is not defined
ReferenceError: crypt is not defined
    at Object.<anonymous> (D:\JS\CLI_Tool_Node\src\resources\users\user.service.js:13:71)
    at Module._compile (internal/modules/cjs/loader.js:955:30)
    at Object.Module._extensions..js (internal/modules/cjs/loader.js:991:10)
    at Module.load (internal/modules/cjs/loader.js:811:32)
    at Function.Module._load (internal/modules/cjs/loader.js:723:14)
    at Module.require (internal/modules/cjs/loader.js:848:19)
    at require (internal/modules/cjs/helpers.js:74:18)
    at Object.<anonymous> (D:\JS\CLI_Tool_Node\src\resources\users\user.router.js:3:22)
    at Module._compile (internal/modules/cjs/loader.js:955:30)
    at Object.Module._extensions..js (internal/modules/cjs/loader.js:991:10)
    at Module.load (internal/modules/cjs/loader.js:811:32)
    at Function.Module._load (internal/modules/cjs/loader.js:723:14)
    at Module.require (internal/modules/cjs/loader.js:848:19)
    at require (internal/modules/cjs/helpers.js:74:18)
    at Object.<anonymous> (D:\JS\CLI_Tool_Node\src\app.js:6:20)
    at Module._compile (internal/modules/cjs/loader.js:955:30)
2020-04-23 09:48:54:4854 error: uncaughtException: Identifier 'userSchema' has already been declared
D:\JS\CLI_Tool_Node\src\resources\users\user.model.js:41
userSchema.pre('save', function(next) {
^

SyntaxError: Identifier 'userSchema' has already been declared
    at Module._compile (internal/modules/cjs/loader.js:891:18)
    at Object.Module._extensions..js (internal/modules/cjs/loader.js:991:10)
    at Module.load (internal/modules/cjs/loader.js:811:32)
    at Function.Module._load (internal/modules/cjs/loader.js:723:14)
    at Module.require (internal/modules/cjs/loader.js:848:19)
    at require (internal/modules/cjs/helpers.js:74:18)
    at Object.<anonymous> (D:\JS\CLI_Tool_Node\src\resources\auth\auth.db.repository.js:1:14)
    at Module._compile (internal/modules/cjs/loader.js:955:30)
    at Object.Module._extensions..js (internal/modules/cjs/loader.js:991:10)
    at Module.load (internal/modules/cjs/loader.js:811:32)
2020-04-23 09:48:57:4857 error: uncaughtException: Unexpected token 'function'
D:\JS\CLI_Tool_Node\src\resources\users\user.model.js:40
const function crypt
      ^^^^^^^^

SyntaxError: Unexpected token 'function'
    at Module._compile (internal/modules/cjs/loader.js:891:18)
    at Object.Module._extensions..js (internal/modules/cjs/loader.js:991:10)
    at Module.load (internal/modules/cjs/loader.js:811:32)
    at Function.Module._load (internal/modules/cjs/loader.js:723:14)
    at Module.require (internal/modules/cjs/loader.js:848:19)
    at require (internal/modules/cjs/helpers.js:74:18)
    at Object.<anonymous> (D:\JS\CLI_Tool_Node\src\resources\auth\auth.db.repository.js:1:14)
    at Module._compile (internal/modules/cjs/loader.js:955:30)
    at Object.Module._extensions..js (internal/modules/cjs/loader.js:991:10)
    at Module.load (internal/modules/cjs/loader.js:811:32)
2020-04-23 09:49:01:491 error: uncaughtException: Unexpected token 'function'
D:\JS\CLI_Tool_Node\src\resources\users\user.model.js:40
const function crypt()
      ^^^^^^^^

SyntaxError: Unexpected token 'function'
    at Module._compile (internal/modules/cjs/loader.js:891:18)
    at Object.Module._extensions..js (internal/modules/cjs/loader.js:991:10)
    at Module.load (internal/modules/cjs/loader.js:811:32)
    at Function.Module._load (internal/modules/cjs/loader.js:723:14)
    at Module.require (internal/modules/cjs/loader.js:848:19)
    at require (internal/modules/cjs/helpers.js:74:18)
    at Object.<anonymous> (D:\JS\CLI_Tool_Node\src\resources\auth\auth.db.repository.js:1:14)
    at Module._compile (internal/modules/cjs/loader.js:955:30)
    at Object.Module._extensions..js (internal/modules/cjs/loader.js:991:10)
    at Module.load (internal/modules/cjs/loader.js:811:32)
2020-04-23 09:50:34:5034 error: uncaughtException: data and salt arguments required
Error: data and salt arguments required
    at Object.hashSync (D:\JS\CLI_Tool_Node\node_modules\bcrypt\bcrypt.js:91:15)
    at crypt (D:\JS\CLI_Tool_Node\src\resources\users\user.model.js:41:26)
    at Object.<anonymous> (D:\JS\CLI_Tool_Node\src\resources\users\user.model.js:44:24)
    at Module._compile (internal/modules/cjs/loader.js:955:30)
    at Object.Module._extensions..js (internal/modules/cjs/loader.js:991:10)
    at Module.load (internal/modules/cjs/loader.js:811:32)
    at Function.Module._load (internal/modules/cjs/loader.js:723:14)
    at Module.require (internal/modules/cjs/loader.js:848:19)
    at require (internal/modules/cjs/helpers.js:74:18)
    at Object.<anonymous> (D:\JS\CLI_Tool_Node\src\resources\auth\auth.db.repository.js:1:14)
    at Module._compile (internal/modules/cjs/loader.js:955:30)
    at Object.Module._extensions..js (internal/modules/cjs/loader.js:991:10)
    at Module.load (internal/modules/cjs/loader.js:811:32)
    at Function.Module._load (internal/modules/cjs/loader.js:723:14)
    at Module.require (internal/modules/cjs/loader.js:848:19)
    at require (internal/modules/cjs/helpers.js:74:18)
2020-04-23 09:51:08:518 error: uncaughtException: data and salt arguments required
Error: data and salt arguments required
    at Object.hashSync (D:\JS\CLI_Tool_Node\node_modules\bcrypt\bcrypt.js:91:15)
    at crypt (D:\JS\CLI_Tool_Node\src\resources\users\user.model.js:41:26)
    at Object.<anonymous> (D:\JS\CLI_Tool_Node\src\resources\users\user.model.js:44:24)
    at Module._compile (internal/modules/cjs/loader.js:955:30)
    at Object.Module._extensions..js (internal/modules/cjs/loader.js:991:10)
    at Module.load (internal/modules/cjs/loader.js:811:32)
    at Function.Module._load (internal/modules/cjs/loader.js:723:14)
    at Module.require (internal/modules/cjs/loader.js:848:19)
    at require (internal/modules/cjs/helpers.js:74:18)
    at Object.<anonymous> (D:\JS\CLI_Tool_Node\src\resources\auth\auth.db.repository.js:1:14)
    at Module._compile (internal/modules/cjs/loader.js:955:30)
    at Object.Module._extensions..js (internal/modules/cjs/loader.js:991:10)
    at Module.load (internal/modules/cjs/loader.js:811:32)
    at Function.Module._load (internal/modules/cjs/loader.js:723:14)
    at Module.require (internal/modules/cjs/loader.js:848:19)
    at require (internal/modules/cjs/helpers.js:74:18)
2020-04-23 09:51:19:5119 error: uncaughtException: Unexpected token '('
D:\JS\CLI_Tool_Node\src\resources\users\user.model.js:40
function crypt((next)) {
               ^

SyntaxError: Unexpected token '('
    at Module._compile (internal/modules/cjs/loader.js:891:18)
    at Object.Module._extensions..js (internal/modules/cjs/loader.js:991:10)
    at Module.load (internal/modules/cjs/loader.js:811:32)
    at Function.Module._load (internal/modules/cjs/loader.js:723:14)
    at Module.require (internal/modules/cjs/loader.js:848:19)
    at require (internal/modules/cjs/helpers.js:74:18)
    at Object.<anonymous> (D:\JS\CLI_Tool_Node\src\resources\auth\auth.db.repository.js:1:14)
    at Module._compile (internal/modules/cjs/loader.js:955:30)
    at Object.Module._extensions..js (internal/modules/cjs/loader.js:991:10)
    at Module.load (internal/modules/cjs/loader.js:811:32)
2020-04-23 09:51:30:5130 error: uncaughtException: Unexpected token '('
D:\JS\CLI_Tool_Node\src\resources\users\user.model.js:40
function crypt((next) ) {
               ^

SyntaxError: Unexpected token '('
    at Module._compile (internal/modules/cjs/loader.js:891:18)
    at Object.Module._extensions..js (internal/modules/cjs/loader.js:991:10)
    at Module.load (internal/modules/cjs/loader.js:811:32)
    at Function.Module._load (internal/modules/cjs/loader.js:723:14)
    at Module.require (internal/modules/cjs/loader.js:848:19)
    at require (internal/modules/cjs/helpers.js:74:18)
    at Object.<anonymous> (D:\JS\CLI_Tool_Node\src\resources\auth\auth.db.repository.js:1:14)
    at Module._compile (internal/modules/cjs/loader.js:955:30)
    at Object.Module._extensions..js (internal/modules/cjs/loader.js:991:10)
    at Module.load (internal/modules/cjs/loader.js:811:32)
2020-04-23 09:51:57:5157 error: uncaughtException: data and salt arguments required
Error: data and salt arguments required
    at Object.hashSync (D:\JS\CLI_Tool_Node\node_modules\bcrypt\bcrypt.js:91:15)
    at crypt (D:\JS\CLI_Tool_Node\src\resources\users\user.model.js:41:26)
    at Object.<anonymous> (D:\JS\CLI_Tool_Node\src\resources\users\user.model.js:44:24)
    at Module._compile (internal/modules/cjs/loader.js:955:30)
    at Object.Module._extensions..js (internal/modules/cjs/loader.js:991:10)
    at Module.load (internal/modules/cjs/loader.js:811:32)
    at Function.Module._load (internal/modules/cjs/loader.js:723:14)
    at Module.require (internal/modules/cjs/loader.js:848:19)
    at require (internal/modules/cjs/helpers.js:74:18)
    at Object.<anonymous> (D:\JS\CLI_Tool_Node\src\resources\auth\auth.db.repository.js:1:14)
    at Module._compile (internal/modules/cjs/loader.js:955:30)
    at Object.Module._extensions..js (internal/modules/cjs/loader.js:991:10)
    at Module.load (internal/modules/cjs/loader.js:811:32)
    at Function.Module._load (internal/modules/cjs/loader.js:723:14)
    at Module.require (internal/modules/cjs/loader.js:848:19)
    at require (internal/modules/cjs/helpers.js:74:18)
2020-04-23 09:52:01:521 error: uncaughtException: next is not defined
ReferenceError: next is not defined
    at Object.<anonymous> (D:\JS\CLI_Tool_Node\src\resources\users\user.model.js:44:30)
    at Module._compile (internal/modules/cjs/loader.js:955:30)
    at Object.Module._extensions..js (internal/modules/cjs/loader.js:991:10)
    at Module.load (internal/modules/cjs/loader.js:811:32)
    at Function.Module._load (internal/modules/cjs/loader.js:723:14)
    at Module.require (internal/modules/cjs/loader.js:848:19)
    at require (internal/modules/cjs/helpers.js:74:18)
    at Object.<anonymous> (D:\JS\CLI_Tool_Node\src\resources\auth\auth.db.repository.js:1:14)
    at Module._compile (internal/modules/cjs/loader.js:955:30)
    at Object.Module._extensions..js (internal/modules/cjs/loader.js:991:10)
    at Module.load (internal/modules/cjs/loader.js:811:32)
    at Function.Module._load (internal/modules/cjs/loader.js:723:14)
    at Module.require (internal/modules/cjs/loader.js:848:19)
    at require (internal/modules/cjs/helpers.js:74:18)
    at Object.<anonymous> (D:\JS\CLI_Tool_Node\src\resources\auth\auth.service.js:1:18)
    at Module._compile (internal/modules/cjs/loader.js:955:30)
2020-04-23 09:52:04:524 error: uncaughtException: next is not defined
ReferenceError: next is not defined
    at Object.<anonymous> (D:\JS\CLI_Tool_Node\src\resources\users\user.model.js:44:30)
    at Module._compile (internal/modules/cjs/loader.js:955:30)
    at Object.Module._extensions..js (internal/modules/cjs/loader.js:991:10)
    at Module.load (internal/modules/cjs/loader.js:811:32)
    at Function.Module._load (internal/modules/cjs/loader.js:723:14)
    at Module.require (internal/modules/cjs/loader.js:848:19)
    at require (internal/modules/cjs/helpers.js:74:18)
    at Object.<anonymous> (D:\JS\CLI_Tool_Node\src\resources\auth\auth.db.repository.js:1:14)
    at Module._compile (internal/modules/cjs/loader.js:955:30)
    at Object.Module._extensions..js (internal/modules/cjs/loader.js:991:10)
    at Module.load (internal/modules/cjs/loader.js:811:32)
    at Function.Module._load (internal/modules/cjs/loader.js:723:14)
    at Module.require (internal/modules/cjs/loader.js:848:19)
    at require (internal/modules/cjs/helpers.js:74:18)
    at Object.<anonymous> (D:\JS\CLI_Tool_Node\src\resources\auth\auth.service.js:1:18)
    at Module._compile (internal/modules/cjs/loader.js:955:30)
2020-04-23 14:40:57:4057 error: uncaughtException: Unexpected token ')'
D:\JS\CLI_Tool_Node\src\common\auth.js:36
});
 ^

SyntaxError: Unexpected token ')'
    at Module._compile (internal/modules/cjs/loader.js:891:18)
    at Object.Module._extensions..js (internal/modules/cjs/loader.js:991:10)
    at Module.load (internal/modules/cjs/loader.js:811:32)
    at Function.Module._load (internal/modules/cjs/loader.js:723:14)
    at Module.require (internal/modules/cjs/loader.js:848:19)
    at require (internal/modules/cjs/helpers.js:74:18)
    at Object.<anonymous> (D:\JS\CLI_Tool_Node\src\resources\users\user.router.js:6:19)
    at Module._compile (internal/modules/cjs/loader.js:955:30)
    at Object.Module._extensions..js (internal/modules/cjs/loader.js:991:10)
    at Module.load (internal/modules/cjs/loader.js:811:32)
    at Function.Module._load (internal/modules/cjs/loader.js:723:14)
    at Module.require (internal/modules/cjs/loader.js:848:19)
    at require (internal/modules/cjs/helpers.js:74:18)
    at Object.<anonymous> (D:\JS\CLI_Tool_Node\src\app.js:6:20)
    at Module._compile (internal/modules/cjs/loader.js:955:30)
    at Object.Module._extensions..js (internal/modules/cjs/loader.js:991:10)
2020-04-23 14:41:50:4150 error: uncaughtException: Unexpected token ')'
D:\JS\CLI_Tool_Node\src\common\auth.js:36
});
 ^

SyntaxError: Unexpected token ')'
    at Module._compile (internal/modules/cjs/loader.js:891:18)
    at Object.Module._extensions..js (internal/modules/cjs/loader.js:991:10)
    at Module.load (internal/modules/cjs/loader.js:811:32)
    at Function.Module._load (internal/modules/cjs/loader.js:723:14)
    at Module.require (internal/modules/cjs/loader.js:848:19)
    at require (internal/modules/cjs/helpers.js:74:18)
    at Object.<anonymous> (D:\JS\CLI_Tool_Node\src\resources\users\user.router.js:6:19)
    at Module._compile (internal/modules/cjs/loader.js:955:30)
    at Object.Module._extensions..js (internal/modules/cjs/loader.js:991:10)
    at Module.load (internal/modules/cjs/loader.js:811:32)
    at Function.Module._load (internal/modules/cjs/loader.js:723:14)
    at Module.require (internal/modules/cjs/loader.js:848:19)
    at require (internal/modules/cjs/helpers.js:74:18)
    at Object.<anonymous> (D:\JS\CLI_Tool_Node\src\app.js:6:20)
    at Module._compile (internal/modules/cjs/loader.js:955:30)
    at Object.Module._extensions..js (internal/modules/cjs/loader.js:991:10)
2020-04-23 14:42:18:4218 error: uncaughtException: Unexpected token ')'
D:\JS\CLI_Tool_Node\src\common\auth.js:36
});
 ^

SyntaxError: Unexpected token ')'
    at Module._compile (internal/modules/cjs/loader.js:891:18)
    at Object.Module._extensions..js (internal/modules/cjs/loader.js:991:10)
    at Module.load (internal/modules/cjs/loader.js:811:32)
    at Function.Module._load (internal/modules/cjs/loader.js:723:14)
    at Module.require (internal/modules/cjs/loader.js:848:19)
    at require (internal/modules/cjs/helpers.js:74:18)
    at Object.<anonymous> (D:\JS\CLI_Tool_Node\src\resources\users\user.router.js:6:20)
    at Module._compile (internal/modules/cjs/loader.js:955:30)
    at Object.Module._extensions..js (internal/modules/cjs/loader.js:991:10)
    at Module.load (internal/modules/cjs/loader.js:811:32)
    at Function.Module._load (internal/modules/cjs/loader.js:723:14)
    at Module.require (internal/modules/cjs/loader.js:848:19)
    at require (internal/modules/cjs/helpers.js:74:18)
    at Object.<anonymous> (D:\JS\CLI_Tool_Node\src\app.js:6:20)
    at Module._compile (internal/modules/cjs/loader.js:955:30)
    at Object.Module._extensions..js (internal/modules/cjs/loader.js:991:10)
2020-04-23 14:42:39:4239 error: uncaughtException: Unexpected token ')'
D:\JS\CLI_Tool_Node\src\common\auth.js:36
});
 ^

SyntaxError: Unexpected token ')'
    at Module._compile (internal/modules/cjs/loader.js:891:18)
    at Object.Module._extensions..js (internal/modules/cjs/loader.js:991:10)
    at Module.load (internal/modules/cjs/loader.js:811:32)
    at Function.Module._load (internal/modules/cjs/loader.js:723:14)
    at Module.require (internal/modules/cjs/loader.js:848:19)
    at require (internal/modules/cjs/helpers.js:74:18)
    at Object.<anonymous> (D:\JS\CLI_Tool_Node\src\resources\users\user.router.js:6:20)
    at Module._compile (internal/modules/cjs/loader.js:955:30)
    at Object.Module._extensions..js (internal/modules/cjs/loader.js:991:10)
    at Module.load (internal/modules/cjs/loader.js:811:32)
    at Function.Module._load (internal/modules/cjs/loader.js:723:14)
    at Module.require (internal/modules/cjs/loader.js:848:19)
    at require (internal/modules/cjs/helpers.js:74:18)
    at Object.<anonymous> (D:\JS\CLI_Tool_Node\src\app.js:6:20)
    at Module._compile (internal/modules/cjs/loader.js:955:30)
    at Object.Module._extensions..js (internal/modules/cjs/loader.js:991:10)
2020-04-23 14:43:57:4357 error: uncaughtException: Route.get() requires a callback function but got a [object Object]
Error: Route.get() requires a callback function but got a [object Object]
    at Route.<computed> [as get] (D:\JS\CLI_Tool_Node\node_modules\express\lib\router\route.js:202:15)
    at Object.<anonymous> (D:\JS\CLI_Tool_Node\src\resources\users\user.router.js:17:4)
    at Module._compile (internal/modules/cjs/loader.js:955:30)
    at Object.Module._extensions..js (internal/modules/cjs/loader.js:991:10)
    at Module.load (internal/modules/cjs/loader.js:811:32)
    at Function.Module._load (internal/modules/cjs/loader.js:723:14)
    at Module.require (internal/modules/cjs/loader.js:848:19)
    at require (internal/modules/cjs/helpers.js:74:18)
    at Object.<anonymous> (D:\JS\CLI_Tool_Node\src\app.js:6:20)
    at Module._compile (internal/modules/cjs/loader.js:955:30)
    at Object.Module._extensions..js (internal/modules/cjs/loader.js:991:10)
    at Module.load (internal/modules/cjs/loader.js:811:32)
    at Function.Module._load (internal/modules/cjs/loader.js:723:14)
    at Module.require (internal/modules/cjs/loader.js:848:19)
    at require (internal/modules/cjs/helpers.js:74:18)
    at Object.<anonymous> (D:\JS\CLI_Tool_Node\src\server.js:2:13)
2020-04-23 14:47:22:4722 error: uncaughtException: Router.use() requires a middleware function but got a Object
TypeError: Router.use() requires a middleware function but got a Object
    at Function.use (D:\JS\CLI_Tool_Node\node_modules\express\lib\router\index.js:458:13)
    at Function.<anonymous> (D:\JS\CLI_Tool_Node\node_modules\express\lib\application.js:220:21)
    at Array.forEach (<anonymous>)
    at Function.use (D:\JS\CLI_Tool_Node\node_modules\express\lib\application.js:217:7)
    at Object.<anonymous> (D:\JS\CLI_Tool_Node\src\app.js:30:5)
    at Module._compile (internal/modules/cjs/loader.js:955:30)
    at Object.Module._extensions..js (internal/modules/cjs/loader.js:991:10)
    at Module.load (internal/modules/cjs/loader.js:811:32)
    at Function.Module._load (internal/modules/cjs/loader.js:723:14)
    at Module.require (internal/modules/cjs/loader.js:848:19)
    at require (internal/modules/cjs/helpers.js:74:18)
    at Object.<anonymous> (D:\JS\CLI_Tool_Node\src\server.js:2:13)
    at Module._compile (internal/modules/cjs/loader.js:955:30)
    at Object.Module._extensions..js (internal/modules/cjs/loader.js:991:10)
    at Module.load (internal/modules/cjs/loader.js:811:32)
    at Function.Module._load (internal/modules/cjs/loader.js:723:14)
2020-04-23 14:47:58:4758 error: uncaughtException: Router.use() requires a middleware function but got a Object
TypeError: Router.use() requires a middleware function but got a Object
    at Function.use (D:\JS\CLI_Tool_Node\node_modules\express\lib\router\index.js:458:13)
    at Function.<anonymous> (D:\JS\CLI_Tool_Node\node_modules\express\lib\application.js:220:21)
    at Array.forEach (<anonymous>)
    at Function.use (D:\JS\CLI_Tool_Node\node_modules\express\lib\application.js:217:7)
    at Object.<anonymous> (D:\JS\CLI_Tool_Node\src\app.js:30:5)
    at Module._compile (internal/modules/cjs/loader.js:955:30)
    at Object.Module._extensions..js (internal/modules/cjs/loader.js:991:10)
    at Module.load (internal/modules/cjs/loader.js:811:32)
    at Function.Module._load (internal/modules/cjs/loader.js:723:14)
    at Module.require (internal/modules/cjs/loader.js:848:19)
    at require (internal/modules/cjs/helpers.js:74:18)
    at Object.<anonymous> (D:\JS\CLI_Tool_Node\src\server.js:2:13)
    at Module._compile (internal/modules/cjs/loader.js:955:30)
    at Object.Module._extensions..js (internal/modules/cjs/loader.js:991:10)
    at Module.load (internal/modules/cjs/loader.js:811:32)
    at Function.Module._load (internal/modules/cjs/loader.js:723:14)
2020-04-23 14:49:04:494 error: uncaughtException: Route.get() requires a callback function but got a [object Object]
Error: Route.get() requires a callback function but got a [object Object]
    at Route.<computed> [as get] (D:\JS\CLI_Tool_Node\node_modules\express\lib\router\route.js:202:15)
    at Object.<anonymous> (D:\JS\CLI_Tool_Node\src\resources\users\user.router.js:17:4)
    at Module._compile (internal/modules/cjs/loader.js:955:30)
    at Object.Module._extensions..js (internal/modules/cjs/loader.js:991:10)
    at Module.load (internal/modules/cjs/loader.js:811:32)
    at Function.Module._load (internal/modules/cjs/loader.js:723:14)
    at Module.require (internal/modules/cjs/loader.js:848:19)
    at require (internal/modules/cjs/helpers.js:74:18)
    at Object.<anonymous> (D:\JS\CLI_Tool_Node\src\app.js:6:20)
    at Module._compile (internal/modules/cjs/loader.js:955:30)
    at Object.Module._extensions..js (internal/modules/cjs/loader.js:991:10)
    at Module.load (internal/modules/cjs/loader.js:811:32)
    at Function.Module._load (internal/modules/cjs/loader.js:723:14)
    at Module.require (internal/modules/cjs/loader.js:848:19)
    at require (internal/modules/cjs/helpers.js:74:18)
    at Object.<anonymous> (D:\JS\CLI_Tool_Node\src\server.js:2:13)
2020-04-23 14:50:08:508 error: uncaughtException: await is only valid in async function
D:\JS\CLI_Tool_Node\src\resources\users\user.router.js:31
      const users = await usersService.getAll();
                    ^^^^^

SyntaxError: await is only valid in async function
    at Module._compile (internal/modules/cjs/loader.js:891:18)
    at Object.Module._extensions..js (internal/modules/cjs/loader.js:991:10)
    at Module.load (internal/modules/cjs/loader.js:811:32)
    at Function.Module._load (internal/modules/cjs/loader.js:723:14)
    at Module.require (internal/modules/cjs/loader.js:848:19)
    at require (internal/modules/cjs/helpers.js:74:18)
    at Object.<anonymous> (D:\JS\CLI_Tool_Node\src\app.js:6:20)
    at Module._compile (internal/modules/cjs/loader.js:955:30)
    at Object.Module._extensions..js (internal/modules/cjs/loader.js:991:10)
    at Module.load (internal/modules/cjs/loader.js:811:32)
    at Function.Module._load (internal/modules/cjs/loader.js:723:14)
    at Module.require (internal/modules/cjs/loader.js:848:19)
    at require (internal/modules/cjs/helpers.js:74:18)
    at Object.<anonymous> (D:\JS\CLI_Tool_Node\src\server.js:2:13)
    at Module._compile (internal/modules/cjs/loader.js:955:30)
    at Object.Module._extensions..js (internal/modules/cjs/loader.js:991:10)
2020-04-23 14:50:50:5050 error: uncaughtException: Route.get() requires a callback function but got a [object Object]
Error: Route.get() requires a callback function but got a [object Object]
    at Route.<computed> [as get] (D:\JS\CLI_Tool_Node\node_modules\express\lib\router\route.js:202:15)
    at Object.<anonymous> (D:\JS\CLI_Tool_Node\src\resources\users\user.router.js:28:4)
    at Module._compile (internal/modules/cjs/loader.js:955:30)
    at Object.Module._extensions..js (internal/modules/cjs/loader.js:991:10)
    at Module.load (internal/modules/cjs/loader.js:811:32)
    at Function.Module._load (internal/modules/cjs/loader.js:723:14)
    at Module.require (internal/modules/cjs/loader.js:848:19)
    at require (internal/modules/cjs/helpers.js:74:18)
    at Object.<anonymous> (D:\JS\CLI_Tool_Node\src\app.js:6:20)
    at Module._compile (internal/modules/cjs/loader.js:955:30)
    at Object.Module._extensions..js (internal/modules/cjs/loader.js:991:10)
    at Module.load (internal/modules/cjs/loader.js:811:32)
    at Function.Module._load (internal/modules/cjs/loader.js:723:14)
    at Module.require (internal/modules/cjs/loader.js:848:19)
    at require (internal/modules/cjs/helpers.js:74:18)
    at Object.<anonymous> (D:\JS\CLI_Tool_Node\src\server.js:2:13)
2020-04-23 15:33:51:3351 error: uncaughtException: Cannot find module '../../common/allError'
Require stack:
- D:\JS\CLI_Tool_Node\src\common\auth.js
- D:\JS\CLI_Tool_Node\src\resources\users\user.router.js
- D:\JS\CLI_Tool_Node\src\app.js
- D:\JS\CLI_Tool_Node\src\server.js
Error: Cannot find module '../../common/allError'
Require stack:
- D:\JS\CLI_Tool_Node\src\common\auth.js
- D:\JS\CLI_Tool_Node\src\resources\users\user.router.js
- D:\JS\CLI_Tool_Node\src\app.js
- D:\JS\CLI_Tool_Node\src\server.js
    at Function.Module._resolveFilename (internal/modules/cjs/loader.js:793:17)
    at Function.Module._load (internal/modules/cjs/loader.js:686:27)
    at Module.require (internal/modules/cjs/loader.js:848:19)
    at require (internal/modules/cjs/helpers.js:74:18)
    at Object.<anonymous> (D:\JS\CLI_Tool_Node\src\common\auth.js:5:26)
    at Module._compile (internal/modules/cjs/loader.js:955:30)
    at Object.Module._extensions..js (internal/modules/cjs/loader.js:991:10)
    at Module.load (internal/modules/cjs/loader.js:811:32)
    at Function.Module._load (internal/modules/cjs/loader.js:723:14)
    at Module.require (internal/modules/cjs/loader.js:848:19)
    at require (internal/modules/cjs/helpers.js:74:18)
    at Object.<anonymous> (D:\JS\CLI_Tool_Node\src\resources\users\user.router.js:6:20)
    at Module._compile (internal/modules/cjs/loader.js:955:30)
    at Object.Module._extensions..js (internal/modules/cjs/loader.js:991:10)
    at Module.load (internal/modules/cjs/loader.js:811:32)
    at Function.Module._load (internal/modules/cjs/loader.js:723:14)
2020-04-23 15:48:03:483 error: uncaughtException: catchError is not defined
ReferenceError: catchError is not defined
    at Object.<anonymous> (D:\JS\CLI_Tool_Node\src\common\auth.js:7:23)
    at Module._compile (internal/modules/cjs/loader.js:955:30)
    at Object.Module._extensions..js (internal/modules/cjs/loader.js:991:10)
    at Module.load (internal/modules/cjs/loader.js:811:32)
    at Function.Module._load (internal/modules/cjs/loader.js:723:14)
    at Module.require (internal/modules/cjs/loader.js:848:19)
    at require (internal/modules/cjs/helpers.js:74:18)
    at Object.<anonymous> (D:\JS\CLI_Tool_Node\src\resources\users\user.router.js:6:20)
    at Module._compile (internal/modules/cjs/loader.js:955:30)
    at Object.Module._extensions..js (internal/modules/cjs/loader.js:991:10)
    at Module.load (internal/modules/cjs/loader.js:811:32)
    at Function.Module._load (internal/modules/cjs/loader.js:723:14)
    at Module.require (internal/modules/cjs/loader.js:848:19)
    at require (internal/modules/cjs/helpers.js:74:18)
    at Object.<anonymous> (D:\JS\CLI_Tool_Node\src\app.js:6:20)
    at Module._compile (internal/modules/cjs/loader.js:955:30)
2020-04-23 15:48:14:4814 error: uncaughtException: catchError is not defined
ReferenceError: catchError is not defined
    at Object.<anonymous> (D:\JS\CLI_Tool_Node\src\common\auth.js:7:23)
    at Module._compile (internal/modules/cjs/loader.js:955:30)
    at Object.Module._extensions..js (internal/modules/cjs/loader.js:991:10)
    at Module.load (internal/modules/cjs/loader.js:811:32)
    at Function.Module._load (internal/modules/cjs/loader.js:723:14)
    at Module.require (internal/modules/cjs/loader.js:848:19)
    at require (internal/modules/cjs/helpers.js:74:18)
    at Object.<anonymous> (D:\JS\CLI_Tool_Node\src\resources\users\user.router.js:6:20)
    at Module._compile (internal/modules/cjs/loader.js:955:30)
    at Object.Module._extensions..js (internal/modules/cjs/loader.js:991:10)
    at Module.load (internal/modules/cjs/loader.js:811:32)
    at Function.Module._load (internal/modules/cjs/loader.js:723:14)
    at Module.require (internal/modules/cjs/loader.js:848:19)
    at require (internal/modules/cjs/helpers.js:74:18)
    at Object.<anonymous> (D:\JS\CLI_Tool_Node\src\app.js:6:20)
    at Module._compile (internal/modules/cjs/loader.js:955:30)
2020-04-23 15:48:25:4825 error: uncaughtException: catchError is not defined
ReferenceError: catchError is not defined
    at Object.<anonymous> (D:\JS\CLI_Tool_Node\src\common\auth.js:7:23)
    at Module._compile (internal/modules/cjs/loader.js:955:30)
    at Object.Module._extensions..js (internal/modules/cjs/loader.js:991:10)
    at Module.load (internal/modules/cjs/loader.js:811:32)
    at Function.Module._load (internal/modules/cjs/loader.js:723:14)
    at Module.require (internal/modules/cjs/loader.js:848:19)
    at require (internal/modules/cjs/helpers.js:74:18)
    at Object.<anonymous> (D:\JS\CLI_Tool_Node\src\resources\users\user.router.js:6:20)
    at Module._compile (internal/modules/cjs/loader.js:955:30)
    at Object.Module._extensions..js (internal/modules/cjs/loader.js:991:10)
    at Module.load (internal/modules/cjs/loader.js:811:32)
    at Function.Module._load (internal/modules/cjs/loader.js:723:14)
    at Module.require (internal/modules/cjs/loader.js:848:19)
    at require (internal/modules/cjs/helpers.js:74:18)
    at Object.<anonymous> (D:\JS\CLI_Tool_Node\src\app.js:6:20)
    at Module._compile (internal/modules/cjs/loader.js:955:30)
2020-04-23 15:48:30:4830 error: uncaughtException: catchError is not defined
ReferenceError: catchError is not defined
    at Object.<anonymous> (D:\JS\CLI_Tool_Node\src\common\auth.js:7:23)
    at Module._compile (internal/modules/cjs/loader.js:955:30)
    at Object.Module._extensions..js (internal/modules/cjs/loader.js:991:10)
    at Module.load (internal/modules/cjs/loader.js:811:32)
    at Function.Module._load (internal/modules/cjs/loader.js:723:14)
    at Module.require (internal/modules/cjs/loader.js:848:19)
    at require (internal/modules/cjs/helpers.js:74:18)
    at Object.<anonymous> (D:\JS\CLI_Tool_Node\src\resources\users\user.router.js:6:20)
    at Module._compile (internal/modules/cjs/loader.js:955:30)
    at Object.Module._extensions..js (internal/modules/cjs/loader.js:991:10)
    at Module.load (internal/modules/cjs/loader.js:811:32)
    at Function.Module._load (internal/modules/cjs/loader.js:723:14)
    at Module.require (internal/modules/cjs/loader.js:848:19)
    at require (internal/modules/cjs/helpers.js:74:18)
    at Object.<anonymous> (D:\JS\CLI_Tool_Node\src\app.js:6:20)
    at Module._compile (internal/modules/cjs/loader.js:955:30)
2020-04-23 15:48:40:4840 error: uncaughtException: catchError is not defined
ReferenceError: catchError is not defined
    at Object.<anonymous> (D:\JS\CLI_Tool_Node\src\common\auth.js:7:23)
    at Module._compile (internal/modules/cjs/loader.js:955:30)
    at Object.Module._extensions..js (internal/modules/cjs/loader.js:991:10)
    at Module.load (internal/modules/cjs/loader.js:811:32)
    at Function.Module._load (internal/modules/cjs/loader.js:723:14)
    at Module.require (internal/modules/cjs/loader.js:848:19)
    at require (internal/modules/cjs/helpers.js:74:18)
    at Object.<anonymous> (D:\JS\CLI_Tool_Node\src\resources\users\user.router.js:6:20)
    at Module._compile (internal/modules/cjs/loader.js:955:30)
    at Object.Module._extensions..js (internal/modules/cjs/loader.js:991:10)
    at Module.load (internal/modules/cjs/loader.js:811:32)
    at Function.Module._load (internal/modules/cjs/loader.js:723:14)
    at Module.require (internal/modules/cjs/loader.js:848:19)
    at require (internal/modules/cjs/helpers.js:74:18)
    at Object.<anonymous> (D:\JS\CLI_Tool_Node\src\app.js:6:20)
    at Module._compile (internal/modules/cjs/loader.js:955:30)
